[debug] [2022-09-30T13:35:04.065Z] ----------------------------------------------------------------------
[debug] [2022-09-30T13:35:04.067Z] Command:       D:\Downloads\firebase-tools-instant-win.exe C:\Users\Wad_a\.cache\firebase\tools\lib\node_modules\firebase-tools\lib\bin\firebase emulators:start
[debug] [2022-09-30T13:35:04.067Z] CLI Version:   11.7.0
[debug] [2022-09-30T13:35:04.068Z] Platform:      win32
[debug] [2022-09-30T13:35:04.068Z] Node Version:  v16.16.0
[debug] [2022-09-30T13:35:04.069Z] Time:          Fri Sep 30 2022 15:35:04 GMT+0200 (Central Africa Time)
[debug] [2022-09-30T13:35:04.069Z] ----------------------------------------------------------------------
[debug] 
[debug] [2022-09-30T13:35:04.079Z] >>> [apiv2][query] GET https://firebase-public.firebaseio.com/cli.json [none]
[debug] [2022-09-30T13:35:04.177Z] > command requires scopes: ["email","openid","https://www.googleapis.com/auth/cloudplatformprojects.readonly","https://www.googleapis.com/auth/firebase","https://www.googleapis.com/auth/cloud-platform"]
[debug] [2022-09-30T13:35:04.177Z] > authorizing via signed-in user (ahmedmeabbas@gmail.com)
[debug] [2022-09-30T13:35:04.898Z] <<< [apiv2][status] GET https://firebase-public.firebaseio.com/cli.json 200
[debug] [2022-09-30T13:35:04.898Z] <<< [apiv2][body] GET https://firebase-public.firebaseio.com/cli.json {"cloudBuildErrorAfter":1594252800000,"cloudBuildWarnAfter":1590019200000,"defaultNode10After":1594252800000,"minVersion":"3.0.5","node8DeploysDisabledAfter":1613390400000,"node8RuntimeDisabledAfter":1615809600000,"node8WarnAfter":1600128000000}
[debug] [2022-09-30T13:35:06.109Z] java version "17.0.1" 2021-10-19 LTS

[debug] [2022-09-30T13:35:06.109Z] Java(TM) SE Runtime Environment (build 17.0.1+12-LTS-39)
Java HotSpot(TM) 64-Bit Server VM (build 17.0.1+12-LTS-39, mixed mode, sharing)

[debug] [2022-09-30T13:35:06.122Z] Parsed Java major version: 17
[info] i  emulators: Starting emulators: auth, functions, firestore, database, hosting, pubsub, storage, eventarc {"metadata":{"emulator":{"name":"hub"},"message":"Starting emulators: auth, functions, firestore, database, hosting, pubsub, storage, eventarc"}}
[debug] [2022-09-30T13:35:06.134Z] [hub] writing locator at C:\Users\Wad_a\AppData\Local\Temp\hub-rovingcareprototype.json
[info] +  functions: Using node@16 from host. {"metadata":{"emulator":{"name":"functions"},"message":"Using node@16 from host."}}
[debug] [2022-09-30T13:35:06.178Z] defaultcredentials: writing to file C:\Users\Wad_a\AppData\Roaming\firebase\ahmedmeabbas_gmail_com_application_default_credentials.json
[debug] [2022-09-30T13:35:06.179Z] Setting GAC to C:\Users\Wad_a\AppData\Roaming\firebase\ahmedmeabbas_gmail_com_application_default_credentials.json {"metadata":{"emulator":{"name":"functions"},"message":"Setting GAC to C:\\Users\\Wad_a\\AppData\\Roaming\\firebase\\ahmedmeabbas_gmail_com_application_default_credentials.json"}}
[debug] [2022-09-30T13:35:06.181Z] > refreshing access token with scopes: []
[debug] [2022-09-30T13:35:06.182Z] >>> [apiv2][query] POST https://www.googleapis.com/oauth2/v3/token [none]
[debug] [2022-09-30T13:35:06.182Z] >>> [apiv2][body] POST https://www.googleapis.com/oauth2/v3/token [omitted]
[debug] [2022-09-30T13:35:06.615Z] <<< [apiv2][status] POST https://www.googleapis.com/oauth2/v3/token 200
[debug] [2022-09-30T13:35:06.615Z] <<< [apiv2][body] POST https://www.googleapis.com/oauth2/v3/token [omitted]
[debug] [2022-09-30T13:35:06.626Z] >>> [apiv2][query] GET https://firebase.googleapis.com/v1beta1/projects/rovingcareprototype/adminSdkConfig [none]
[debug] [2022-09-30T13:35:07.295Z] <<< [apiv2][status] GET https://firebase.googleapis.com/v1beta1/projects/rovingcareprototype/adminSdkConfig 200
[debug] [2022-09-30T13:35:07.295Z] <<< [apiv2][body] GET https://firebase.googleapis.com/v1beta1/projects/rovingcareprototype/adminSdkConfig {"projectId":"rovingcareprototype","storageBucket":"rovingcareprototype.appspot.com","locationId":"europe-west"}
[debug] [2022-09-30T13:35:07.316Z] Ignoring unsupported arg: projectId {"metadata":{"emulator":{"name":"firestore"},"message":"Ignoring unsupported arg: projectId"}}
[debug] [2022-09-30T13:35:07.316Z] Ignoring unsupported arg: auto_download {"metadata":{"emulator":{"name":"firestore"},"message":"Ignoring unsupported arg: auto_download"}}
[debug] [2022-09-30T13:35:07.316Z] Starting Firestore Emulator with command {"binary":"java","args":["-Dgoogle.cloud_firestore.debug_log_level=FINE","-Duser.language=en","-jar","C:\\Users\\Wad_a\\.cache\\firebase\\emulators\\cloud-firestore-emulator-v1.14.4.jar","--host","localhost","--port",8080,"--rules","D:\\AndroidStudioProjects\\RealEstateApp\\firestore.rules","--functions_emulator","localhost:5001"],"optionalArgs":["port","webchannel_port","host","rules","functions_emulator","seed_from_export"],"joinArgs":false} {"metadata":{"emulator":{"name":"firestore"},"message":"Starting Firestore Emulator with command {\"binary\":\"java\",\"args\":[\"-Dgoogle.cloud_firestore.debug_log_level=FINE\",\"-Duser.language=en\",\"-jar\",\"C:\\\\Users\\\\Wad_a\\\\.cache\\\\firebase\\\\emulators\\\\cloud-firestore-emulator-v1.14.4.jar\",\"--host\",\"localhost\",\"--port\",8080,\"--rules\",\"D:\\\\AndroidStudioProjects\\\\RealEstateApp\\\\firestore.rules\",\"--functions_emulator\",\"localhost:5001\"],\"optionalArgs\":[\"port\",\"webchannel_port\",\"host\",\"rules\",\"functions_emulator\",\"seed_from_export\"],\"joinArgs\":false}"}}
[info] i  firestore: Firestore Emulator logging to firestore-debug.log {"metadata":{"emulator":{"name":"firestore"},"message":"Firestore Emulator logging to \u001b[1mfirestore-debug.log\u001b[22m"}}
[debug] [2022-09-30T13:35:10.989Z] >>> [apiv2][query] GET https://firebase.googleapis.com/v1beta1/projects/rovingcareprototype [none]
[debug] [2022-09-30T13:35:12.698Z] <<< [apiv2][status] GET https://firebase.googleapis.com/v1beta1/projects/rovingcareprototype 200
[debug] [2022-09-30T13:35:12.699Z] <<< [apiv2][body] GET https://firebase.googleapis.com/v1beta1/projects/rovingcareprototype {"projectId":"rovingcareprototype","projectNumber":"746849394788","displayName":"Real Estate App","name":"projects/rovingcareprototype","resources":{"hostingSite":"rovingcareprototype","storageBucket":"rovingcareprototype.appspot.com","locationId":"europe-west"},"state":"ACTIVE","etag":"1_3e399f53-e769-4ebc-b942-2dd90bd88b26"}
[debug] [2022-09-30T13:35:12.699Z] database rules config:  [{"instance":"rovingcareprototype-default-rtdb","rules":"D:\\AndroidStudioProjects\\RealEstateApp\\n"}]
[debug] [2022-09-30T13:35:12.703Z] Ignoring unsupported arg: projectId {"metadata":{"emulator":{"name":"database"},"message":"Ignoring unsupported arg: projectId"}}
[debug] [2022-09-30T13:35:12.703Z] Ignoring unsupported arg: auto_download {"metadata":{"emulator":{"name":"database"},"message":"Ignoring unsupported arg: auto_download"}}
[debug] [2022-09-30T13:35:12.703Z] Ignoring unsupported arg: rules {"metadata":{"emulator":{"name":"database"},"message":"Ignoring unsupported arg: rules"}}
[debug] [2022-09-30T13:35:12.703Z] Starting Database Emulator with command {"binary":"java","args":["-Duser.language=en","-jar","C:\\Users\\Wad_a\\.cache\\firebase\\emulators\\firebase-database-emulator-v4.8.0.jar","--host","localhost","--port",9000,"--functions_emulator_host","localhost","--functions_emulator_port",5001],"optionalArgs":["port","host","functions_emulator_port","functions_emulator_host"],"joinArgs":false} {"metadata":{"emulator":{"name":"database"},"message":"Starting Database Emulator with command {\"binary\":\"java\",\"args\":[\"-Duser.language=en\",\"-jar\",\"C:\\\\Users\\\\Wad_a\\\\.cache\\\\firebase\\\\emulators\\\\firebase-database-emulator-v4.8.0.jar\",\"--host\",\"localhost\",\"--port\",9000,\"--functions_emulator_host\",\"localhost\",\"--functions_emulator_port\",5001],\"optionalArgs\":[\"port\",\"host\",\"functions_emulator_port\",\"functions_emulator_host\"],\"joinArgs\":false}"}}
[info] i  database: Database Emulator logging to database-debug.log {"metadata":{"emulator":{"name":"database"},"message":"Database Emulator logging to \u001b[1mdatabase-debug.log\u001b[22m"}}
[debug] [2022-09-30T13:35:21.717Z] Ignoring unsupported arg: projectId {"metadata":{"emulator":{"name":"pubsub"},"message":"Ignoring unsupported arg: projectId"}}
[debug] [2022-09-30T13:35:21.718Z] Ignoring unsupported arg: auto_download {"metadata":{"emulator":{"name":"pubsub"},"message":"Ignoring unsupported arg: auto_download"}}
[debug] [2022-09-30T13:35:21.718Z] Starting Pub/Sub Emulator with command {"binary":"C:\\Users\\Wad_a\\.cache\\firebase\\emulators\\pubsub-emulator-0.1.0\\pubsub-emulator\\bin\\cloud-pubsub-emulator.bat","args":["--host=localhost","--port=8085"],"optionalArgs":["port","host"],"joinArgs":true} {"metadata":{"emulator":{"name":"pubsub"},"message":"Starting Pub/Sub Emulator with command {\"binary\":\"C:\\\\Users\\\\Wad_a\\\\.cache\\\\firebase\\\\emulators\\\\pubsub-emulator-0.1.0\\\\pubsub-emulator\\\\bin\\\\cloud-pubsub-emulator.bat\",\"args\":[\"--host=localhost\",\"--port=8085\"],\"optionalArgs\":[\"port\",\"host\"],\"joinArgs\":true}"}}
[info] i  pubsub: Pub/Sub Emulator logging to pubsub-debug.log {"metadata":{"emulator":{"name":"pubsub"},"message":"Pub/Sub Emulator logging to \u001b[1mpubsub-debug.log\u001b[22m"}}
[debug] [2022-09-30T13:35:23.064Z] Ignoring unsupported arg: port {"metadata":{"emulator":{"name":"storage"},"message":"Ignoring unsupported arg: port"}}
[debug] [2022-09-30T13:35:24.256Z] Temp file directory for storage emulator: C:\Users\Wad_a\AppData\Local\Temp/firebase/storage/blobs {"metadata":{"emulator":{"name":"storage"},"message":"Temp file directory for storage emulator: C:\\Users\\Wad_a\\AppData\\Local\\Temp/firebase/storage/blobs"}}
[debug] [2022-09-30T13:35:24.266Z] >>> [apiv2][query] GET https://firebasehosting.googleapis.com/v1beta1/projects/rovingcareprototype/sites 
[debug] [2022-09-30T13:35:28.889Z] <<< [apiv2][status] GET https://firebasehosting.googleapis.com/v1beta1/projects/rovingcareprototype/sites 200
[debug] [2022-09-30T13:35:28.889Z] <<< [apiv2][body] GET https://firebasehosting.googleapis.com/v1beta1/projects/rovingcareprototype/sites {"sites":[{"name":"projects/rovingcareprototype/sites/rovingcareprototype","defaultUrl":"https://rovingcareprototype.web.app","type":"DEFAULT_SITE"}]}
[debug] [2022-09-30T13:35:28.890Z] >>> [apiv2][query] GET https://firebase.googleapis.com/v1beta1/projects/rovingcareprototype/webApps/-/config [none]
[debug] [2022-09-30T13:35:32.445Z] <<< [apiv2][status] GET https://firebase.googleapis.com/v1beta1/projects/rovingcareprototype/webApps/-/config 200
[debug] [2022-09-30T13:35:32.445Z] <<< [apiv2][body] GET https://firebase.googleapis.com/v1beta1/projects/rovingcareprototype/webApps/-/config {"projectId":"rovingcareprototype","storageBucket":"rovingcareprototype.appspot.com","locationId":"europe-west","apiKey":"AIzaSyBB3YjHM2sXE7UFbb94pUm_Ry2E-KGhtx0","authDomain":"rovingcareprototype.firebaseapp.com","messagingSenderId":"746849394788"}
[info] i  hosting: Serving hosting files from: public {"metadata":{"emulator":{"name":"hosting"},"message":"Serving hosting files from: \u001b[1mpublic\u001b[22m"}}
[info] +  hosting: Local server: http://localhost:5000 {"metadata":{"emulator":{"name":"hosting"},"message":"Local server: \u001b[4m\u001b[1mhttp://localhost:5000\u001b[22m\u001b[24m"}}
[debug] [2022-09-30T13:35:32.534Z] Ignoring unsupported arg: auto_download {"metadata":{"emulator":{"name":"ui"},"message":"Ignoring unsupported arg: auto_download"}}
[debug] [2022-09-30T13:35:32.535Z] Ignoring unsupported arg: port {"metadata":{"emulator":{"name":"ui"},"message":"Ignoring unsupported arg: port"}}
[debug] [2022-09-30T13:35:32.535Z] Starting Emulator UI with command {"binary":"node","args":["C:\\Users\\Wad_a\\.cache\\firebase\\emulators\\ui-v1.9.0\\server\\server.js"],"optionalArgs":[],"joinArgs":false} {"metadata":{"emulator":{"name":"ui"},"message":"Starting Emulator UI with command {\"binary\":\"node\",\"args\":[\"C:\\\\Users\\\\Wad_a\\\\.cache\\\\firebase\\\\emulators\\\\ui-v1.9.0\\\\server\\\\server.js\"],\"optionalArgs\":[],\"joinArgs\":false}"}}
[info] i  ui: Emulator UI logging to ui-debug.log {"metadata":{"emulator":{"name":"ui"},"message":"Emulator UI logging to \u001b[1mui-debug.log\u001b[22m"}}
[debug] [2022-09-30T13:35:33.034Z] Web / API server started at localhost:4000
 {"metadata":{"emulator":{"name":"ui"},"message":"Web / API server started at localhost:4000\n"}}
[info] i  functions: Watching "D:\AndroidStudioProjects\RealEstateApp\functions" for Cloud Functions... {"metadata":{"emulator":{"name":"functions"},"message":"Watching \"D:\\AndroidStudioProjects\\RealEstateApp\\functions\" for Cloud Functions..."}}
[debug] [2022-09-30T13:35:33.057Z] Validating nodejs source
[warn] !  functions: package.json indicates an outdated version of firebase-functions. Please upgrade using npm install --save firebase-functions@latest in your functions directory. 
[debug] [2022-09-30T13:35:43.593Z] > [functions] package.json contents: {
  "name": "functions",
  "description": "Cloud Functions for Firebase",
  "scripts": {
    "lint": "eslint .",
    "serve": "firebase emulators:start --only functions",
    "shell": "firebase functions:shell",
    "start": "npm run shell",
    "stop": "lsof -t -i:5001 -i:5002 -i:8080 -i:9000 -i:9099 -i:9199 -i:9090 | xargs kill -9",
    "deploy": "firebase deploy --only functions",
    "logs": "firebase functions:log"
  },
  "engines": {
    "node": "16"
  },
  "main": "index.js",
  "dependencies": {
    "firebase-admin": "^10.0.2",
    "firebase-functions": "^3.18.0"
  },
  "devDependencies": {
    "eslint": "^8.9.0",
    "eslint-config-google": "^0.14.0",
    "firebase-functions-test": "^0.2.0"
  },
  "private": true
}
[debug] [2022-09-30T13:35:43.593Z] Building nodejs source
[debug] [2022-09-30T13:35:43.593Z] Analyzing nodejs backend spec
[debug] [2022-09-30T13:35:43.595Z] Could not find functions.yaml. Must use http discovery
[debug] [2022-09-30T13:35:45.018Z] Serving at port 9005

[debug] [2022-09-30T13:35:45.516Z] Got response from /__/functions.yaml {"endpoints":{},"specVersion":"v1alpha1","requiredAPIs":[]}
[debug] [2022-09-30T13:35:45.521Z] shutdown requested via /__/quitquitquit

[info] +  functions: Loaded functions definitions from source: . {"metadata":{"emulator":{"name":"functions"},"message":"Loaded functions definitions from source: ."}}
[debug] [2022-09-30T13:35:45.545Z] >>> [apiv2][query] PUT http://localhost:9000/.settings/rules.json ns=rovingcareprototype-default-rtdb
[debug] [2022-09-30T13:35:45.545Z] >>> [apiv2][body] PUT http://localhost:9000/.settings/rules.json "{\r\n  \"rules\": {\r\n    \".read\": \"auth != null\",\r\n    \".write\": \"auth != null\"\r\n  }\r\n}"
[debug] [2022-09-30T13:35:46.034Z] <<< [apiv2][status] PUT http://localhost:9000/.settings/rules.json 200
[debug] [2022-09-30T13:35:46.034Z] <<< [apiv2][body] PUT http://localhost:9000/.settings/rules.json {"status":"ok"}
[info] 
┌─────────────────────────────────────────────────────────────┐
│ ✔  All emulators ready! It is now safe to connect your app. │
│ i  View Emulator UI at http://localhost:4000                │
└─────────────────────────────────────────────────────────────┘

┌────────────────┬────────────────┬─────────────────────────────────┐
│ Emulator       │ Host:Port      │ View in Emulator UI             │
├────────────────┼────────────────┼─────────────────────────────────┤
│ Authentication │ localhost:9099 │ http://localhost:4000/auth      │
├────────────────┼────────────────┼─────────────────────────────────┤
│ Functions      │ localhost:5001 │ http://localhost:4000/functions │
├────────────────┼────────────────┼─────────────────────────────────┤
│ Firestore      │ localhost:8080 │ http://localhost:4000/firestore │
├────────────────┼────────────────┼─────────────────────────────────┤
│ Database       │ localhost:9000 │ http://localhost:4000/database  │
├────────────────┼────────────────┼─────────────────────────────────┤
│ Hosting        │ localhost:5000 │ n/a                             │
├────────────────┼────────────────┼─────────────────────────────────┤
│ Pub/Sub        │ localhost:8085 │ n/a                             │
├────────────────┼────────────────┼─────────────────────────────────┤
│ Storage        │ localhost:9199 │ http://localhost:4000/storage   │
├────────────────┼────────────────┼─────────────────────────────────┤
│ Eventarc       │ localhost:9299 │ n/a                             │
└────────────────┴────────────────┴─────────────────────────────────┘
  Emulator Hub running at localhost:4400
  Other reserved ports: 4500

Issues? Report them at https://github.com/firebase/firebase-tools/issues and attach the *-debug.log files.
 
[debug] [2022-09-30T13:36:03.140Z] >>> [apiv2][query] GET https://firebase.googleapis.com/v1beta1/projects/rovingcareprototype/adminSdkConfig [none]
[debug] [2022-09-30T13:36:08.740Z] <<< [apiv2][status] GET https://firebase.googleapis.com/v1beta1/projects/rovingcareprototype/adminSdkConfig 200
[debug] [2022-09-30T13:36:08.740Z] <<< [apiv2][body] GET https://firebase.googleapis.com/v1beta1/projects/rovingcareprototype/adminSdkConfig {"projectId":"rovingcareprototype","storageBucket":"rovingcareprototype.appspot.com","locationId":"europe-west"}
[debug] [2022-09-30T13:44:12.734Z] >>> [apiv2][query] POST http://localhost:5001/functions/projects/rovingcareprototype/trigger_multicast [none]
[debug] [2022-09-30T13:44:12.734Z] >>> [apiv2][body] POST http://localhost:5001/functions/projects/rovingcareprototype/trigger_multicast {"eventId":"1664545452734","timestamp":"2022-09-30T13:44:12.734Z","eventType":"google.storage.object.finalize","resource":{"service":"storage.googleapis.com","name":"projects/_/buckets/rovingcareprototype.appspot.com/objects/images/eBkSeQQqOFAKrUpHkSJ3/1664545451679-0.jpg","type":"storage#object"},"data":{"kind":"#storage#object","name":"images/eBkSeQQqOFAKrUpHkSJ3/1664545451679-0.jpg","bucket":"rovingcareprototype.appspot.com","generation":"1664545452479","metageneration":"1","contentType":"application/octet-stream","contentDisposition":"inline","timeCreated":"2022-09-30T13:44:12.478Z","updated":"2022-09-30T13:44:12.483Z","storageClass":"STANDARD","size":"102348","md5Hash":"eaXktkLtXA+Ng/CBotBUPA==","etag":"IHQPpZPLvNx3GOnImAhq0MMAMus","cacheControl":"public, max-age=3600","contentEncoding":"identity","crc32c":"JtWf8w==","timeStorageClassUpdated":"2022-09-30T13:44:12.478Z","id":"rovingcareprototype.appspot.com/images/eBkSeQQqOFAKrUpHkSJ3/1664545451679-0.jpg/1664545452479","selfLink":"http://localhost:9199/storage/v1/b/rovingcareprototype.appspot.com/o/images%2FeBkSeQQqOFAKrUpHkSJ3%2F1664545451679-0.jpg","mediaLink":"http://localhost:9199/download/storage/v1/b/rovingcareprototype.appspot.com/o/images%2FeBkSeQQqOFAKrUpHkSJ3%2F1664545451679-0.jpg?generation=1664545452479&alt=media"}}
[debug] [2022-09-30T13:44:12.741Z] <<< [apiv2][status] POST http://localhost:5001/functions/projects/rovingcareprototype/trigger_multicast 200
[debug] [2022-09-30T13:44:12.741Z] <<< [apiv2][body] POST http://localhost:5001/functions/projects/rovingcareprototype/trigger_multicast {"status":"multicast_acknowledged"}
[debug] [2022-09-30T13:44:12.741Z] >>> [apiv2][query] POST http://localhost:5001/functions/projects/rovingcareprototype/trigger_multicast [none]
[debug] [2022-09-30T13:44:12.741Z] >>> [apiv2][body] POST http://localhost:5001/functions/projects/rovingcareprototype/trigger_multicast {"specversion":"1","id":"f3a01d60-4e63-4fd0-ae40-4d589dd44ec1","type":"google.cloud.storage.object.v1.finalized","source":"//storage.googleapis.com/projects/_/buckets/rovingcareprototype.appspot.com/objects/images/eBkSeQQqOFAKrUpHkSJ3/1664545451679-0.jpg","time":"2022-09-30T13:44:12.483Z","data":{"kind":"#storage#object","name":"images/eBkSeQQqOFAKrUpHkSJ3/1664545451679-0.jpg","bucket":"rovingcareprototype.appspot.com","generation":"1664545452479","metageneration":"1","contentType":"application/octet-stream","contentDisposition":"inline","timeCreated":"2022-09-30T13:44:12.478Z","updated":"2022-09-30T13:44:12.483Z","storageClass":"STANDARD","size":"102348","md5Hash":"eaXktkLtXA+Ng/CBotBUPA==","etag":"IHQPpZPLvNx3GOnImAhq0MMAMus","cacheControl":"public, max-age=3600","contentEncoding":"identity","crc32c":"JtWf8w==","timeStorageClassUpdated":"2022-09-30T13:44:12.478Z","id":"rovingcareprototype.appspot.com/images/eBkSeQQqOFAKrUpHkSJ3/1664545451679-0.jpg/1664545452479","selfLink":"http://localhost:9199/storage/v1/b/rovingcareprototype.appspot.com/o/images%2FeBkSeQQqOFAKrUpHkSJ3%2F1664545451679-0.jpg","mediaLink":"http://localhost:9199/download/storage/v1/b/rovingcareprototype.appspot.com/o/images%2FeBkSeQQqOFAKrUpHkSJ3%2F1664545451679-0.jpg?generation=1664545452479&alt=media"}}
[debug] [2022-09-30T13:44:12.744Z] <<< [apiv2][status] POST http://localhost:5001/functions/projects/rovingcareprototype/trigger_multicast 200
[debug] [2022-09-30T13:44:12.744Z] <<< [apiv2][body] POST http://localhost:5001/functions/projects/rovingcareprototype/trigger_multicast {"status":"multicast_acknowledged"}
[debug] [2022-09-30T14:56:59.783Z] >>> [apiv2][query] POST http://localhost:5001/functions/projects/rovingcareprototype/trigger_multicast [none]
[debug] [2022-09-30T14:56:59.786Z] >>> [apiv2][body] POST http://localhost:5001/functions/projects/rovingcareprototype/trigger_multicast {"eventId":"1664549819782","timestamp":"2022-09-30T14:56:59.782Z","eventType":"google.storage.object.finalize","resource":{"service":"storage.googleapis.com","name":"projects/_/buckets/rovingcareprototype.appspot.com/objects/images/FlDD2AzxO1sLqjD7sGC7/1664549818928-1.jpg","type":"storage#object"},"data":{"kind":"#storage#object","name":"images/FlDD2AzxO1sLqjD7sGC7/1664549818928-1.jpg","bucket":"rovingcareprototype.appspot.com","generation":"1664549819712","metageneration":"1","contentType":"application/octet-stream","contentDisposition":"inline","timeCreated":"2022-09-30T14:56:59.712Z","updated":"2022-09-30T14:56:59.719Z","storageClass":"STANDARD","size":"98025","md5Hash":"zi2MycV5dwDVwvIT2u9iig==","etag":"ia+hHJzVnhOS53zOXNMZlEO4Nn8","cacheControl":"public, max-age=3600","contentEncoding":"identity","crc32c":"n0O9QQ==","timeStorageClassUpdated":"2022-09-30T14:56:59.712Z","id":"rovingcareprototype.appspot.com/images/FlDD2AzxO1sLqjD7sGC7/1664549818928-1.jpg/1664549819712","selfLink":"http://localhost:9199/storage/v1/b/rovingcareprototype.appspot.com/o/images%2FFlDD2AzxO1sLqjD7sGC7%2F1664549818928-1.jpg","mediaLink":"http://localhost:9199/download/storage/v1/b/rovingcareprototype.appspot.com/o/images%2FFlDD2AzxO1sLqjD7sGC7%2F1664549818928-1.jpg?generation=1664549819712&alt=media"}}
[debug] [2022-09-30T14:56:59.790Z] >>> [apiv2][query] POST http://localhost:5001/functions/projects/rovingcareprototype/trigger_multicast [none]
[debug] [2022-09-30T14:56:59.790Z] >>> [apiv2][body] POST http://localhost:5001/functions/projects/rovingcareprototype/trigger_multicast {"eventId":"1664549819790","timestamp":"2022-09-30T14:56:59.790Z","eventType":"google.storage.object.finalize","resource":{"service":"storage.googleapis.com","name":"projects/_/buckets/rovingcareprototype.appspot.com/objects/images/FlDD2AzxO1sLqjD7sGC7/1664549818907-0.jpg","type":"storage#object"},"data":{"kind":"#storage#object","name":"images/FlDD2AzxO1sLqjD7sGC7/1664549818907-0.jpg","bucket":"rovingcareprototype.appspot.com","generation":"1664549819731","metageneration":"1","contentType":"application/octet-stream","contentDisposition":"inline","timeCreated":"2022-09-30T14:56:59.730Z","updated":"2022-09-30T14:56:59.732Z","storageClass":"STANDARD","size":"193048","md5Hash":"cJ4bA7mK6A5WV1uWpgBsdg==","etag":"xYkO6SHu1uKnx4M2x0QLhyoawcY","cacheControl":"public, max-age=3600","contentEncoding":"identity","crc32c":"yntsRQ==","timeStorageClassUpdated":"2022-09-30T14:56:59.730Z","id":"rovingcareprototype.appspot.com/images/FlDD2AzxO1sLqjD7sGC7/1664549818907-0.jpg/1664549819731","selfLink":"http://localhost:9199/storage/v1/b/rovingcareprototype.appspot.com/o/images%2FFlDD2AzxO1sLqjD7sGC7%2F1664549818907-0.jpg","mediaLink":"http://localhost:9199/download/storage/v1/b/rovingcareprototype.appspot.com/o/images%2FFlDD2AzxO1sLqjD7sGC7%2F1664549818907-0.jpg?generation=1664549819731&alt=media"}}
[debug] [2022-09-30T14:56:59.795Z] <<< [apiv2][status] POST http://localhost:5001/functions/projects/rovingcareprototype/trigger_multicast 200
[debug] [2022-09-30T14:56:59.796Z] <<< [apiv2][body] POST http://localhost:5001/functions/projects/rovingcareprototype/trigger_multicast {"status":"multicast_acknowledged"}
[debug] [2022-09-30T14:56:59.796Z] >>> [apiv2][query] POST http://localhost:5001/functions/projects/rovingcareprototype/trigger_multicast [none]
[debug] [2022-09-30T14:56:59.796Z] >>> [apiv2][body] POST http://localhost:5001/functions/projects/rovingcareprototype/trigger_multicast {"specversion":"1","id":"6fa5934a-c185-4894-a0f8-758be69d84f7","type":"google.cloud.storage.object.v1.finalized","source":"//storage.googleapis.com/projects/_/buckets/rovingcareprototype.appspot.com/objects/images/FlDD2AzxO1sLqjD7sGC7/1664549818928-1.jpg","time":"2022-09-30T14:56:59.719Z","data":{"kind":"#storage#object","name":"images/FlDD2AzxO1sLqjD7sGC7/1664549818928-1.jpg","bucket":"rovingcareprototype.appspot.com","generation":"1664549819712","metageneration":"1","contentType":"application/octet-stream","contentDisposition":"inline","timeCreated":"2022-09-30T14:56:59.712Z","updated":"2022-09-30T14:56:59.719Z","storageClass":"STANDARD","size":"98025","md5Hash":"zi2MycV5dwDVwvIT2u9iig==","etag":"ia+hHJzVnhOS53zOXNMZlEO4Nn8","cacheControl":"public, max-age=3600","contentEncoding":"identity","crc32c":"n0O9QQ==","timeStorageClassUpdated":"2022-09-30T14:56:59.712Z","id":"rovingcareprototype.appspot.com/images/FlDD2AzxO1sLqjD7sGC7/1664549818928-1.jpg/1664549819712","selfLink":"http://localhost:9199/storage/v1/b/rovingcareprototype.appspot.com/o/images%2FFlDD2AzxO1sLqjD7sGC7%2F1664549818928-1.jpg","mediaLink":"http://localhost:9199/download/storage/v1/b/rovingcareprototype.appspot.com/o/images%2FFlDD2AzxO1sLqjD7sGC7%2F1664549818928-1.jpg?generation=1664549819712&alt=media"}}
[debug] [2022-09-30T14:56:59.797Z] <<< [apiv2][status] POST http://localhost:5001/functions/projects/rovingcareprototype/trigger_multicast 200
[debug] [2022-09-30T14:56:59.798Z] <<< [apiv2][body] POST http://localhost:5001/functions/projects/rovingcareprototype/trigger_multicast {"status":"multicast_acknowledged"}
[debug] [2022-09-30T14:56:59.798Z] >>> [apiv2][query] POST http://localhost:5001/functions/projects/rovingcareprototype/trigger_multicast [none]
[debug] [2022-09-30T14:56:59.798Z] >>> [apiv2][body] POST http://localhost:5001/functions/projects/rovingcareprototype/trigger_multicast {"specversion":"1","id":"779f5703-f2da-4c34-b9b3-6a1ff56e1b4c","type":"google.cloud.storage.object.v1.finalized","source":"//storage.googleapis.com/projects/_/buckets/rovingcareprototype.appspot.com/objects/images/FlDD2AzxO1sLqjD7sGC7/1664549818907-0.jpg","time":"2022-09-30T14:56:59.732Z","data":{"kind":"#storage#object","name":"images/FlDD2AzxO1sLqjD7sGC7/1664549818907-0.jpg","bucket":"rovingcareprototype.appspot.com","generation":"1664549819731","metageneration":"1","contentType":"application/octet-stream","contentDisposition":"inline","timeCreated":"2022-09-30T14:56:59.730Z","updated":"2022-09-30T14:56:59.732Z","storageClass":"STANDARD","size":"193048","md5Hash":"cJ4bA7mK6A5WV1uWpgBsdg==","etag":"xYkO6SHu1uKnx4M2x0QLhyoawcY","cacheControl":"public, max-age=3600","contentEncoding":"identity","crc32c":"yntsRQ==","timeStorageClassUpdated":"2022-09-30T14:56:59.730Z","id":"rovingcareprototype.appspot.com/images/FlDD2AzxO1sLqjD7sGC7/1664549818907-0.jpg/1664549819731","selfLink":"http://localhost:9199/storage/v1/b/rovingcareprototype.appspot.com/o/images%2FFlDD2AzxO1sLqjD7sGC7%2F1664549818907-0.jpg","mediaLink":"http://localhost:9199/download/storage/v1/b/rovingcareprototype.appspot.com/o/images%2FFlDD2AzxO1sLqjD7sGC7%2F1664549818907-0.jpg?generation=1664549819731&alt=media"}}
[debug] [2022-09-30T14:56:59.804Z] <<< [apiv2][status] POST http://localhost:5001/functions/projects/rovingcareprototype/trigger_multicast 200
[debug] [2022-09-30T14:56:59.804Z] <<< [apiv2][body] POST http://localhost:5001/functions/projects/rovingcareprototype/trigger_multicast {"status":"multicast_acknowledged"}
[debug] [2022-09-30T14:56:59.805Z] <<< [apiv2][status] POST http://localhost:5001/functions/projects/rovingcareprototype/trigger_multicast 200
[debug] [2022-09-30T14:56:59.805Z] <<< [apiv2][body] POST http://localhost:5001/functions/projects/rovingcareprototype/trigger_multicast {"status":"multicast_acknowledged"}
